<?xml version="1.0" encoding="UTF-8"?>
<!-- Generated by org.testng.reporters.JUnitReportReporter -->
<testsuite hostname="Subrat-Laptop" failures="0" tests="1" name="BloodBankAutomation.InitiateServer" time="8.057" errors="0" timestamp="2022-12-11T23:32:55 IST" skipped="0">
  <testcase classname="BloodBankAutomation.InitiateServer" name="StratTest" time="8.057"/>
  <system-out/>
</testsuite> <!-- BloodBankAutomation.InitiateServer -->
