<?xml version="1.0" encoding="UTF-8"?>
<!-- Generated by org.testng.reporters.JUnitReportReporter -->
<testsuite hostname="Subrat-Laptop" failures="0" tests="3" name="BloodBankAutomation.FirstPageTest" time="5.133" errors="0" timestamp="2022-12-11T23:51:27 IST" skipped="0">
  <testcase classname="BloodBankAutomation.FirstPageTest" name="registrationTest" time="0.003"/>
  <system-out/>
  <testcase classname="BloodBankAutomation.FirstPageTest" name="loginTest" time="5.117"/>
  <system-out/>
  <testcase classname="BloodBankAutomation.FirstPageTest" name="forgetPasswordTest" time="0.013"/>
  <system-out/>
</testsuite> <!-- BloodBankAutomation.FirstPageTest -->
